<?xml version="1.0" encoding="UTF-8"?>
<!-- Generated by org.testng.reporters.JUnitReportReporter -->
<testsuite hostname="ShreeRam1" failures="0" tests="35" name="test.hostelform" time="139.125" errors="0" timestamp="2025-10-08T17:01:46 IST" skipped="0">
  <testcase classname="test.hostelform" name="fillHostelForm" time="3.416"/>
  <testcase classname="test.hostelform" name="fillHostelForm" time="4.384"/>
  <testcase classname="test.hostelform" name="fillHostelForm" time="3.725"/>
  <testcase classname="test.hostelform" name="fillHostelForm" time="3.646"/>
  <testcase classname="test.hostelform" name="fillHostelForm" time="3.649"/>
  <testcase classname="test.hostelform" name="fillHostelForm" time="4.299"/>
  <testcase classname="test.hostelform" name="fillHostelForm" time="3.874"/>
  <testcase classname="test.hostelform" name="fillHostelForm" time="4.096"/>
  <testcase classname="test.hostelform" name="fillHostelForm" time="4.650"/>
  <testcase classname="test.hostelform" name="fillHostelForm" time="3.286"/>
  <testcase classname="test.hostelform" name="fillHostelForm" time="3.732"/>
  <testcase classname="test.hostelform" name="fillHostelForm" time="4.121"/>
  <testcase classname="test.hostelform" name="fillHostelForm" time="3.773"/>
  <testcase classname="test.hostelform" name="fillHostelForm" time="4.261"/>
  <testcase classname="test.hostelform" name="fillHostelForm" time="3.880"/>
  <testcase classname="test.hostelform" name="fillHostelForm" time="3.948"/>
  <testcase classname="test.hostelform" name="fillHostelForm" time="3.895"/>
  <testcase classname="test.hostelform" name="fillHostelForm" time="3.669"/>
  <testcase classname="test.hostelform" name="fillHostelForm" time="3.829"/>
  <testcase classname="test.hostelform" name="fillHostelForm" time="4.397"/>
  <testcase classname="test.hostelform" name="fillHostelForm" time="3.889"/>
  <testcase classname="test.hostelform" name="fillHostelForm" time="3.495"/>
  <testcase classname="test.hostelform" name="fillHostelForm" time="4.135"/>
  <testcase classname="test.hostelform" name="fillHostelForm" time="4.478"/>
  <testcase classname="test.hostelform" name="fillHostelForm" time="3.846"/>
  <testcase classname="test.hostelform" name="fillHostelForm" time="4.305"/>
  <testcase classname="test.hostelform" name="fillHostelForm" time="3.603"/>
  <testcase classname="test.hostelform" name="fillHostelForm" time="4.175"/>
  <testcase classname="test.hostelform" name="fillHostelForm" time="3.737"/>
  <testcase classname="test.hostelform" name="fillHostelForm" time="4.126"/>
  <testcase classname="test.hostelform" name="fillHostelForm" time="3.924"/>
  <testcase classname="test.hostelform" name="fillHostelForm" time="4.821"/>
  <testcase classname="test.hostelform" name="fillHostelForm" time="3.984"/>
  <testcase classname="test.hostelform" name="fillHostelForm" time="3.897"/>
  <testcase classname="test.hostelform" name="fillHostelForm" time="4.180"/>
</testsuite> <!-- test.hostelform -->
