<?xml version="1.0" encoding="UTF-8"?>
<testng-results ignored="0" total="1" passed="1" failed="0" skipped="0">
  <reporter-output>
  </reporter-output>
  <suite started-at="2025-07-07T17:48:19 IST" name="Default suite" finished-at="2025-07-07T17:48:30 IST" duration-ms="11530">
    <groups>
    </groups>
    <test started-at="2025-07-07T17:48:19 IST" name="Default test" finished-at="2025-07-07T17:48:30 IST" duration-ms="11530">
      <class name="tests.ValidateSelectHotel">
        <test-method is-config="true" signature="launchBrowser()[pri:0, instance:tests.ValidateSelectHotel@49438269]" started-at="2025-07-07T17:48:19 IST" name="launchBrowser" finished-at="2025-07-07T17:48:25 IST" duration-ms="5983" status="PASS">
          <reporter-output>
          </reporter-output>
        </test-method> <!-- launchBrowser -->
        <test-method signature="checkSelectLocationIsDisplayed()[pri:0, instance:tests.ValidateSelectHotel@49438269]" started-at="2025-07-07T17:48:25 IST" name="checkSelectLocationIsDisplayed" finished-at="2025-07-07T17:48:30 IST" duration-ms="5157" status="PASS">
          <reporter-output>
          </reporter-output>
        </test-method> <!-- checkSelectLocationIsDisplayed -->
        <test-method is-config="true" signature="quitBrowser()[pri:0, instance:tests.ValidateSelectHotel@49438269]" started-at="2025-07-07T17:48:30 IST" name="quitBrowser" finished-at="2025-07-07T17:48:30 IST" duration-ms="320" status="PASS">
          <reporter-output>
          </reporter-output>
        </test-method> <!-- quitBrowser -->
      </class> <!-- tests.ValidateSelectHotel -->
    </test> <!-- Default test -->
  </suite> <!-- Default suite -->
</testng-results>
