<?xml version="1.0" encoding="UTF-8"?>
<testng-results ignored="0" total="1" passed="1" failed="0" skipped="0">
  <reporter-output>
  </reporter-output>
  <suite started-at="2025-10-08T16:40:28 IST" name="Default suite" finished-at="2025-10-08T16:40:34 IST" duration-ms="6536">
    <groups>
    </groups>
    <test started-at="2025-10-08T16:40:28 IST" name="Default test" finished-at="2025-10-08T16:40:34 IST" duration-ms="6536">
      <class name="tests.LoginTest">
        <test-method is-config="true" signature="launchBrowser()[pri:0, instance:tests.LoginTest@4e08711f]" started-at="2025-10-08T16:40:28 IST" name="launchBrowser" finished-at="2025-10-08T16:40:33 IST" duration-ms="4771" status="PASS">
          <reporter-output>
          </reporter-output>
        </test-method> <!-- launchBrowser -->
        <test-method signature="testValidLogin()[pri:0, instance:tests.LoginTest@4e08711f]" started-at="2025-10-08T16:40:33 IST" name="testValidLogin" finished-at="2025-10-08T16:40:34 IST" duration-ms="1445" status="PASS">
          <reporter-output>
          </reporter-output>
        </test-method> <!-- testValidLogin -->
        <test-method is-config="true" signature="quitBrowser()[pri:0, instance:tests.LoginTest@4e08711f]" started-at="2025-10-08T16:40:34 IST" name="quitBrowser" finished-at="2025-10-08T16:40:34 IST" duration-ms="246" status="PASS">
          <reporter-output>
          </reporter-output>
        </test-method> <!-- quitBrowser -->
      </class> <!-- tests.LoginTest -->
    </test> <!-- Default test -->
  </suite> <!-- Default suite -->
</testng-results>
