<?xml version="1.0" encoding="UTF-8"?>
<!-- Generated by org.testng.reporters.JUnitXMLReporter -->
<testsuite ignored="0" hostname="ShreeRam1" failures="0" tests="27" name="Default test" time="397.121" errors="0" timestamp="2026-04-10T15:13:18 IST">
  <testcase classname="tests.AddAlumniTest" name="testAddAlumni" time="17.804"/>
  <testcase classname="tests.AddAlumniTest" name="testAddAlumni" time="13.777"/>
  <testcase classname="tests.AddAlumniTest" name="testAddAlumni" time="14.683"/>
  <testcase classname="tests.AddAlumniTest" name="testAddAlumni" time="17.261"/>
  <testcase classname="tests.AddAlumniTest" name="testAddAlumni" time="14.02"/>
  <testcase classname="tests.AddAlumniTest" name="testAddAlumni" time="13.807"/>
  <testcase classname="tests.AddAlumniTest" name="testAddAlumni" time="14.363"/>
  <testcase classname="tests.AddAlumniTest" name="testAddAlumni" time="14.651"/>
  <testcase classname="tests.AddAlumniTest" name="testAddAlumni" time="13.751"/>
  <testcase classname="tests.AddAlumniTest" name="testAddAlumni" time="13.715"/>
  <testcase classname="tests.AddAlumniTest" name="testAddAlumni" time="14.058"/>
  <testcase classname="tests.AddAlumniTest" name="testAddAlumni" time="13.33"/>
  <testcase classname="tests.AddAlumniTest" name="testAddAlumni" time="14.025"/>
  <testcase classname="tests.AddAlumniTest" name="testAddAlumni" time="14.028"/>
  <testcase classname="tests.AddAlumniTest" name="testAddAlumni" time="14.749"/>
  <testcase classname="tests.AddAlumniTest" name="testAddAlumni" time="13.564"/>
  <testcase classname="tests.AddAlumniTest" name="testAddAlumni" time="14.259"/>
  <testcase classname="tests.AddAlumniTest" name="testAddAlumni" time="13.209"/>
  <testcase classname="tests.AddAlumniTest" name="testAddAlumni" time="14.265"/>
  <testcase classname="tests.AddAlumniTest" name="testAddAlumni" time="14.136"/>
  <testcase classname="tests.AddAlumniTest" name="testAddAlumni" time="13.624"/>
  <testcase classname="tests.AddAlumniTest" name="testAddAlumni" time="13.996"/>
  <testcase classname="tests.AddAlumniTest" name="testAddAlumni" time="14.022"/>
  <testcase classname="tests.AddAlumniTest" name="testAddAlumni" time="14.327"/>
  <testcase classname="tests.AddAlumniTest" name="testAddAlumni" time="13.639"/>
  <testcase classname="tests.AddAlumniTest" name="testAddAlumni" time="13.985"/>
  <testcase classname="tests.AddAlumniTest" name="testAddAlumni" time="13.655"/>
</testsuite> <!-- Default test -->
