<?xml version="1.0" encoding="UTF-8"?>
<testng-results ignored="0" total="1" passed="1" failed="0" skipped="0">
  <reporter-output>
  </reporter-output>
  <suite started-at="2025-11-18T15:32:05 IST" name="Default suite" finished-at="2025-11-18T15:32:30 IST" duration-ms="24433">
    <groups>
    </groups>
    <test started-at="2025-11-18T15:32:05 IST" name="Default test" finished-at="2025-11-18T15:32:30 IST" duration-ms="24433">
      <class name="herokuapp.AddAndRemoveElements">
        <test-method is-config="true" signature="openChrome()[pri:0, instance:herokuapp.AddAndRemoveElements@66d18979]" started-at="2025-11-18T15:32:05 IST" name="openChrome" finished-at="2025-11-18T15:32:11 IST" duration-ms="5447" status="PASS">
          <reporter-output>
          </reporter-output>
        </test-method> <!-- openChrome -->
        <test-method signature="test02()[pri:0, instance:herokuapp.AddAndRemoveElements@66d18979]" started-at="2025-11-18T15:32:11 IST" name="test02" finished-at="2025-11-18T15:32:29 IST" duration-ms="18502" status="PASS">
          <reporter-output>
          </reporter-output>
        </test-method> <!-- test02 -->
        <test-method is-config="true" signature="close()[pri:0, instance:herokuapp.AddAndRemoveElements@66d18979]" started-at="2025-11-18T15:32:29 IST" name="close" finished-at="2025-11-18T15:32:30 IST" duration-ms="429" status="PASS">
          <reporter-output>
          </reporter-output>
        </test-method> <!-- close -->
      </class> <!-- herokuapp.AddAndRemoveElements -->
    </test> <!-- Default test -->
  </suite> <!-- Default suite -->
</testng-results>
