<?xml version="1.0" encoding="UTF-8"?>
<testng-results ignored="0" total="1" passed="1" failed="0" skipped="0">
  <reporter-output>
  </reporter-output>
  <suite started-at="2025-07-03T13:42:00 IST" name="Default suite" finished-at="2025-07-03T13:42:05 IST" duration-ms="5026">
    <groups>
    </groups>
    <test started-at="2025-07-03T13:42:00 IST" name="Default test" finished-at="2025-07-03T13:42:05 IST" duration-ms="5026">
      <class name="adactin_Hotel.adult_per_room">
        <test-method is-config="true" signature="start()[pri:0, instance:adactin_Hotel.adult_per_room@3a52dba3]" started-at="2025-07-03T13:42:00 IST" name="start" finished-at="2025-07-03T13:42:04 IST" duration-ms="3804" status="PASS">
          <reporter-output>
          </reporter-output>
        </test-method> <!-- start -->
        <test-method signature="adultroom()[pri:0, instance:adactin_Hotel.adult_per_room@3a52dba3]" started-at="2025-07-03T13:42:04 IST" name="adultroom" finished-at="2025-07-03T13:42:05 IST" duration-ms="945" status="PASS">
          <reporter-output>
          </reporter-output>
        </test-method> <!-- adultroom -->
        <test-method is-config="true" signature="close()[pri:0, instance:adactin_Hotel.adult_per_room@3a52dba3]" started-at="2025-07-03T13:42:05 IST" name="close" finished-at="2025-07-03T13:42:05 IST" duration-ms="236" status="PASS">
          <reporter-output>
          </reporter-output>
        </test-method> <!-- close -->
      </class> <!-- adactin_Hotel.adult_per_room -->
    </test> <!-- Default test -->
  </suite> <!-- Default suite -->
</testng-results>
