<?xml version="1.0" encoding="UTF-8"?>
<testsuite name="LearnTestNG"
           tests="3"
           failures="0"
           errors="0"
           skipped="0"
           time="0.075">
    <properties></properties>



            <testcase
                name="RegRun"
                time="0.003"
                classname="com.thetestingacademy.testng.TestNGGroups.Groups">
            </testcase>
            <testcase
                name="sanityRun"
                time="0.068"
                classname="com.thetestingacademy.testng.TestNGGroups.Groups">
            </testcase>
            <testcase
                name="SmokeRun"
                time="0.004"
                classname="com.thetestingacademy.testng.TestNGGroups.Groups">
            </testcase>
</testsuite>
