<?xml version="1.0" encoding="UTF-8"?>
<testng-results ignored="0" total="1" passed="1" failed="0" skipped="0">
  <reporter-output>
  </reporter-output>
  <suite started-at="2025-11-28T13:19:01 IST" name="Default suite" finished-at="2025-11-28T13:19:09 IST" duration-ms="8690">
    <groups>
    </groups>
    <test started-at="2025-11-28T13:19:01 IST" name="Default test" finished-at="2025-11-28T13:19:09 IST" duration-ms="8690">
      <class name="tests.testHomePage">
        <test-method is-config="true" signature="openChrome()[pri:0, instance:tests.testHomePage@7ee8290b]" started-at="2025-11-28T13:19:01 IST" name="openChrome" finished-at="2025-11-28T13:19:07 IST" duration-ms="6237" status="PASS">
          <reporter-output>
          </reporter-output>
        </test-method> <!-- openChrome -->
        <test-method is-config="true" signature="setUp()[pri:0, instance:tests.testHomePage@7ee8290b]" started-at="2025-11-28T13:19:07 IST" name="setUp" finished-at="2025-11-28T13:19:07 IST" duration-ms="59" status="PASS">
          <reporter-output>
          </reporter-output>
        </test-method> <!-- setUp -->
        <test-method signature="homepageTest()[pri:0, instance:tests.testHomePage@7ee8290b]" started-at="2025-11-28T13:19:07 IST" name="homepageTest" finished-at="2025-11-28T13:19:09 IST" duration-ms="1944" status="PASS">
          <reporter-output>
          </reporter-output>
        </test-method> <!-- homepageTest -->
        <test-method is-config="true" signature="closeChrome()[pri:0, instance:tests.testHomePage@7ee8290b]" started-at="2025-11-28T13:19:09 IST" name="closeChrome" finished-at="2025-11-28T13:19:09 IST" duration-ms="323" status="PASS">
          <reporter-output>
          </reporter-output>
        </test-method> <!-- closeChrome -->
      </class> <!-- tests.testHomePage -->
    </test> <!-- Default test -->
  </suite> <!-- Default suite -->
</testng-results>
