<?xml version="1.0" encoding="UTF-8"?>
<testng-results ignored="0" total="2" passed="2" failed="0" skipped="0">
  <reporter-output>
  </reporter-output>
  <suite started-at="2025-11-28T14:31:15 IST" name="Default suite" finished-at="2025-11-28T14:31:20 IST" duration-ms="5536">
    <groups>
    </groups>
    <test started-at="2025-11-28T14:31:15 IST" name="Default test" finished-at="2025-11-28T14:31:20 IST" duration-ms="5536">
      <class name="tests.HomePageTest">
        <test-method is-config="true" signature="openChrome()[pri:0, instance:tests.HomePageTest@399c4be1]" started-at="2025-11-28T14:31:15 IST" name="openChrome" finished-at="2025-11-28T14:31:20 IST" duration-ms="4956" status="PASS">
          <reporter-output>
          </reporter-output>
        </test-method> <!-- openChrome -->
        <test-method is-config="true" signature="setUp()[pri:0, instance:tests.HomePageTest@399c4be1]" started-at="2025-11-28T14:31:20 IST" name="setUp" finished-at="2025-11-28T14:31:20 IST" duration-ms="6" status="PASS">
          <reporter-output>
          </reporter-output>
        </test-method> <!-- setUp -->
        <test-method signature="verifyHomePageTitle()[pri:1, instance:tests.HomePageTest@399c4be1]" started-at="2025-11-28T14:31:20 IST" name="verifyHomePageTitle" description="Validate the Home page title is correct" finished-at="2025-11-28T14:31:20 IST" duration-ms="48" status="PASS">
          <reporter-output>
          </reporter-output>
        </test-method> <!-- verifyHomePageTitle -->
        <test-method signature="verifyLogoVisibility()[pri:2, instance:tests.HomePageTest@399c4be1]" started-at="2025-11-28T14:31:20 IST" name="verifyLogoVisibility" description="Validate the logo is visible on the Home page" finished-at="2025-11-28T14:31:20 IST" duration-ms="150" status="PASS">
          <reporter-output>
          </reporter-output>
        </test-method> <!-- verifyLogoVisibility -->
        <test-method is-config="true" signature="closeChrome()[pri:0, instance:tests.HomePageTest@399c4be1]" started-at="2025-11-28T14:31:20 IST" name="closeChrome" finished-at="2025-11-28T14:31:20 IST" duration-ms="309" status="PASS">
          <reporter-output>
          </reporter-output>
        </test-method> <!-- closeChrome -->
      </class> <!-- tests.HomePageTest -->
    </test> <!-- Default test -->
  </suite> <!-- Default suite -->
</testng-results>
