<?xml version="1.0" encoding="UTF-8"?>
<testng-results ignored="0" total="2" passed="2" failed="0" skipped="0">
  <reporter-output>
  </reporter-output>
  <suite started-at="2025-06-20T09:48:27 IST" name="Default suite" finished-at="2025-06-20T09:48:30 IST" duration-ms="3499">
    <groups>
    </groups>
    <test started-at="2025-06-20T09:48:27 IST" name="Default test" finished-at="2025-06-20T09:48:30 IST" duration-ms="3499">
      <class name="Day01.HTTPRequests">
        <test-method signature="createUser()[pri:2, instance:Day01.HTTPRequests@367ffa75]" started-at="2025-06-20T09:48:27 IST" name="createUser" finished-at="2025-06-20T09:48:30 IST" duration-ms="3400" status="PASS">
          <reporter-output>
          </reporter-output>
        </test-method> <!-- createUser -->
        <test-method signature="updateUser()[pri:3, instance:Day01.HTTPRequests@367ffa75]" started-at="2025-06-20T09:48:30 IST" name="updateUser" finished-at="2025-06-20T09:48:30 IST" duration-ms="4" status="PASS">
          <reporter-output>
          </reporter-output>
        </test-method> <!-- updateUser -->
      </class> <!-- Day01.HTTPRequests -->
    </test> <!-- Default test -->
  </suite> <!-- Default suite -->
</testng-results>
