<?xml version="1.0" encoding="UTF-8"?>
<testng-results ignored="0" total="1" passed="1" failed="0" skipped="0">
  <reporter-output>
  </reporter-output>
  <suite started-at="2026-07-14T17:10:19 IST" name="Default suite" finished-at="2026-07-14T17:10:25 IST" duration-ms="6366">
    <groups>
    </groups>
    <test started-at="2026-07-14T17:10:19 IST" name="Default test" finished-at="2026-07-14T17:10:25 IST" duration-ms="6366">
      <class name="tests.AbTest">
        <test-method is-config="true" signature="setup()[pri:0, instance:tests.AbTest@682b2fa]" started-at="2026-07-14T17:10:19 IST" name="setup" finished-at="2026-07-14T17:10:24 IST" duration-ms="5435" status="PASS">
          <reporter-output>
          </reporter-output>
        </test-method> <!-- setup -->
        <test-method signature="ABtest()[pri:0, instance:tests.AbTest@682b2fa]" started-at="2026-07-14T17:10:24 IST" name="ABtest" finished-at="2026-07-14T17:10:25 IST" duration-ms="642" status="PASS">
          <reporter-output>
          </reporter-output>
        </test-method> <!-- ABtest -->
        <test-method is-config="true" signature="tearDown()[pri:0, instance:tests.AbTest@682b2fa]" started-at="2026-07-14T17:10:25 IST" name="tearDown" finished-at="2026-07-14T17:10:25 IST" duration-ms="241" status="PASS">
          <reporter-output>
          </reporter-output>
        </test-method> <!-- tearDown -->
      </class> <!-- tests.AbTest -->
    </test> <!-- Default test -->
  </suite> <!-- Default suite -->
</testng-results>
