<?xml version="1.0" encoding="UTF-8"?>
<testng-results ignored="0" total="27" passed="27" failed="0" skipped="0">
  <reporter-output>
  </reporter-output>
  <suite started-at="2026-04-10T15:06:41 IST" name="Default suite" finished-at="2026-04-10T15:13:18 IST" duration-ms="397121">
    <groups>
    </groups>
    <test started-at="2026-04-10T15:06:41 IST" name="Default test" finished-at="2026-04-10T15:13:18 IST" duration-ms="397121">
      <class name="tests.AddAlumniTest">
        <test-method is-config="true" signature="setupDriver()[pri:0, instance:tests.AddAlumniTest@7770f470]" started-at="2026-04-10T15:06:41 IST" name="setupDriver" finished-at="2026-04-10T15:06:44 IST" duration-ms="2824" status="PASS">
          <reporter-output>
          </reporter-output>
        </test-method> <!-- setupDriver -->
        <test-method is-config="true" signature="setup()[pri:0, instance:tests.AddAlumniTest@7770f470]" started-at="2026-04-10T15:06:44 IST" name="setup" finished-at="2026-04-10T15:06:51 IST" duration-ms="7077" status="PASS">
          <reporter-output>
          </reporter-output>
        </test-method> <!-- setup -->
        <test-method signature="testAddAlumni(java.lang.String,java.lang.String,java.lang.String,java.lang.String,java.lang.String,java.lang.String,java.lang.String,java.lang.String,java.lang.String,java.lang.String,java.lang.String,java.lang.String)[pri:0, instance:tests.AddAlumniTest@7770f470]" started-at="2026-04-10T15:06:53 IST" name="testAddAlumni" data-provider="alumniData" finished-at="2026-04-10T15:07:10 IST" duration-ms="17804" status="PASS">
          <params>
            <param index="0">
              <value>
                <![CDATA[Mr.]]>
              </value>
            </param>
            <param index="1">
              <value>
                <![CDATA[Adhav]]>
              </value>
            </param>
            <param index="2">
              <value>
                <![CDATA[Chandrakant]]>
              </value>
            </param>
            <param index="3">
              <value>
                <![CDATA[Nanasaheb]]>
              </value>
            </param>
            <param index="4">
              <value>
                <![CDATA[Male]]>
              </value>
            </param>
            <param index="5">
              <value>
                <![CDATA[5/6/55]]>
              </value>
            </param>
            <param index="6">
              <value>
                <![CDATA[142]]>
              </value>
            </param>
            <param index="7">
              <value>
                <![CDATA[P.D. Arts]]>
              </value>
            </param>
            <param index="8">
              <value>
                <![CDATA[1975]]>
              </value>
            </param>
            <param index="9">
              <value>
                <![CDATA[Shivaji Road Kopargaon]]>
              </value>
            </param>
            <param index="10">
              <value>
                <![CDATA[423601]]>
              </value>
            </param>
            <param index="11">
              <value>
                <![CDATA[KOPARGAON]]>
              </value>
            </param>
          </params>
          <reporter-output>
          </reporter-output>
        </test-method> <!-- testAddAlumni -->
        <test-method signature="testAddAlumni(java.lang.String,java.lang.String,java.lang.String,java.lang.String,java.lang.String,java.lang.String,java.lang.String,java.lang.String,java.lang.String,java.lang.String,java.lang.String,java.lang.String)[pri:0, instance:tests.AddAlumniTest@7770f470]" started-at="2026-04-10T15:07:10 IST" name="testAddAlumni" data-provider="alumniData" finished-at="2026-04-10T15:07:24 IST" duration-ms="13777" status="PASS">
          <params>
            <param index="0">
              <value>
                <![CDATA[Mr.]]>
              </value>
            </param>
            <param index="1">
              <value>
                <![CDATA[Bharad]]>
              </value>
            </param>
            <param index="2">
              <value>
                <![CDATA[Ananda]]>
              </value>
            </param>
            <param index="3">
              <value>
                <![CDATA[Waman]]>
              </value>
            </param>
            <param index="4">
              <value>
                <![CDATA[Male]]>
              </value>
            </param>
            <param index="5">
              <value>
                <![CDATA[6/1/54]]>
              </value>
            </param>
            <param index="6">
              <value>
                <![CDATA[80]]>
              </value>
            </param>
            <param index="7">
              <value>
                <![CDATA[B.Sc.]]>
              </value>
            </param>
            <param index="8">
              <value>
                <![CDATA[1975]]>
              </value>
            </param>
            <param index="9">
              <value>
                <![CDATA[Kopargaon]]>
              </value>
            </param>
            <param index="10">
              <value>
                <![CDATA[423601]]>
              </value>
            </param>
            <param index="11">
              <value>
                <![CDATA[KOPARGAON]]>
              </value>
            </param>
          </params>
          <reporter-output>
          </reporter-output>
        </test-method> <!-- testAddAlumni -->
        <test-method signature="testAddAlumni(java.lang.String,java.lang.String,java.lang.String,java.lang.String,java.lang.String,java.lang.String,java.lang.String,java.lang.String,java.lang.String,java.lang.String,java.lang.String,java.lang.String)[pri:0, instance:tests.AddAlumniTest@7770f470]" started-at="2026-04-10T15:07:24 IST" name="testAddAlumni" data-provider="alumniData" finished-at="2026-04-10T15:07:39 IST" duration-ms="14683" status="PASS">
          <params>
            <param index="0">
              <value>
                <![CDATA[Mr.]]>
              </value>
            </param>
            <param index="1">
              <value>
                <![CDATA[Shelke ]]>
              </value>
            </param>
            <param index="2">
              <value>
                <![CDATA[Ashok ]]>
              </value>
            </param>
            <param index="3">
              <value>
                <![CDATA[Bhikaji]]>
              </value>
            </param>
            <param index="4">
              <value>
                <![CDATA[Male]]>
              </value>
            </param>
            <param index="5">
              <value>
                <![CDATA[6/22/55]]>
              </value>
            </param>
            <param index="6">
              <value>
                <![CDATA[80]]>
              </value>
            </param>
            <param index="7">
              <value>
                <![CDATA[B.Sc.]]>
              </value>
            </param>
            <param index="8">
              <value>
                <![CDATA[1975]]>
              </value>
            </param>
            <param index="9">
              <value>
                <![CDATA[Kopargaon]]>
              </value>
            </param>
            <param index="10">
              <value>
                <![CDATA[423601]]>
              </value>
            </param>
            <param index="11">
              <value>
                <![CDATA[KOPARGAON]]>
              </value>
            </param>
          </params>
          <reporter-output>
          </reporter-output>
        </test-method> <!-- testAddAlumni -->
        <test-method signature="testAddAlumni(java.lang.String,java.lang.String,java.lang.String,java.lang.String,java.lang.String,java.lang.String,java.lang.String,java.lang.String,java.lang.String,java.lang.String,java.lang.String,java.lang.String)[pri:0, instance:tests.AddAlumniTest@7770f470]" started-at="2026-04-10T15:07:39 IST" name="testAddAlumni" data-provider="alumniData" finished-at="2026-04-10T15:07:56 IST" duration-ms="17261" status="PASS">
          <params>
            <param index="0">
              <value>
                <![CDATA[Mr.]]>
              </value>
            </param>
            <param index="1">
              <value>
                <![CDATA[Tadage]]>
              </value>
            </param>
            <param index="2">
              <value>
                <![CDATA[Anna ]]>
              </value>
            </param>
            <param index="3">
              <value>
                <![CDATA[Sopan]]>
              </value>
            </param>
            <param index="4">
              <value>
                <![CDATA[Male]]>
              </value>
            </param>
            <param index="5">
              <value>
                <![CDATA[6/1/54]]>
              </value>
            </param>
            <param index="6">
              <value>
                <![CDATA[80]]>
              </value>
            </param>
            <param index="7">
              <value>
                <![CDATA[B.Sc.]]>
              </value>
            </param>
            <param index="8">
              <value>
                <![CDATA[1975]]>
              </value>
            </param>
            <param index="9">
              <value>
                <![CDATA[Kopargaon]]>
              </value>
            </param>
            <param index="10">
              <value>
                <![CDATA[423601]]>
              </value>
            </param>
            <param index="11">
              <value>
                <![CDATA[KOPARGAON]]>
              </value>
            </param>
          </params>
          <reporter-output>
          </reporter-output>
        </test-method> <!-- testAddAlumni -->
        <test-method signature="testAddAlumni(java.lang.String,java.lang.String,java.lang.String,java.lang.String,java.lang.String,java.lang.String,java.lang.String,java.lang.String,java.lang.String,java.lang.String,java.lang.String,java.lang.String)[pri:0, instance:tests.AddAlumniTest@7770f470]" started-at="2026-04-10T15:07:56 IST" name="testAddAlumni" data-provider="alumniData" finished-at="2026-04-10T15:08:10 IST" duration-ms="14020" status="PASS">
          <params>
            <param index="0">
              <value>
                <![CDATA[Mr.]]>
              </value>
            </param>
            <param index="1">
              <value>
                <![CDATA[Adhav]]>
              </value>
            </param>
            <param index="2">
              <value>
                <![CDATA[Dinkar]]>
              </value>
            </param>
            <param index="3">
              <value>
                <![CDATA[Nivrutti]]>
              </value>
            </param>
            <param index="4">
              <value>
                <![CDATA[Male]]>
              </value>
            </param>
            <param index="5">
              <value>
                <![CDATA[7/18/56]]>
              </value>
            </param>
            <param index="6">
              <value>
                <![CDATA[80]]>
              </value>
            </param>
            <param index="7">
              <value>
                <![CDATA[B.Sc.]]>
              </value>
            </param>
            <param index="8">
              <value>
                <![CDATA[1975]]>
              </value>
            </param>
            <param index="9">
              <value>
                <![CDATA[Kopargaon]]>
              </value>
            </param>
            <param index="10">
              <value>
                <![CDATA[423601]]>
              </value>
            </param>
            <param index="11">
              <value>
                <![CDATA[KOPARGAON]]>
              </value>
            </param>
          </params>
          <reporter-output>
          </reporter-output>
        </test-method> <!-- testAddAlumni -->
        <test-method signature="testAddAlumni(java.lang.String,java.lang.String,java.lang.String,java.lang.String,java.lang.String,java.lang.String,java.lang.String,java.lang.String,java.lang.String,java.lang.String,java.lang.String,java.lang.String)[pri:0, instance:tests.AddAlumniTest@7770f470]" started-at="2026-04-10T15:08:10 IST" name="testAddAlumni" data-provider="alumniData" finished-at="2026-04-10T15:08:24 IST" duration-ms="13807" status="PASS">
          <params>
            <param index="0">
              <value>
                <![CDATA[Mr.]]>
              </value>
            </param>
            <param index="1">
              <value>
                <![CDATA[Ahire]]>
              </value>
            </param>
            <param index="2">
              <value>
                <![CDATA[Gajendra]]>
              </value>
            </param>
            <param index="3">
              <value>
                <![CDATA[Sadashiv]]>
              </value>
            </param>
            <param index="4">
              <value>
                <![CDATA[Male]]>
              </value>
            </param>
            <param index="5">
              <value>
                <![CDATA[9/16/55]]>
              </value>
            </param>
            <param index="6">
              <value>
                <![CDATA[80]]>
              </value>
            </param>
            <param index="7">
              <value>
                <![CDATA[B.Sc.]]>
              </value>
            </param>
            <param index="8">
              <value>
                <![CDATA[1975]]>
              </value>
            </param>
            <param index="9">
              <value>
                <![CDATA[Kopargaon]]>
              </value>
            </param>
            <param index="10">
              <value>
                <![CDATA[423601]]>
              </value>
            </param>
            <param index="11">
              <value>
                <![CDATA[KOPARGAON]]>
              </value>
            </param>
          </params>
          <reporter-output>
          </reporter-output>
        </test-method> <!-- testAddAlumni -->
        <test-method signature="testAddAlumni(java.lang.String,java.lang.String,java.lang.String,java.lang.String,java.lang.String,java.lang.String,java.lang.String,java.lang.String,java.lang.String,java.lang.String,java.lang.String,java.lang.String)[pri:0, instance:tests.AddAlumniTest@7770f470]" started-at="2026-04-10T15:08:24 IST" name="testAddAlumni" data-provider="alumniData" finished-at="2026-04-10T15:08:38 IST" duration-ms="14363" status="PASS">
          <params>
            <param index="0">
              <value>
                <![CDATA[Mr.]]>
              </value>
            </param>
            <param index="1">
              <value>
                <![CDATA[Bhavrao]]>
              </value>
            </param>
            <param index="2">
              <value>
                <![CDATA[Bhausaheb]]>
              </value>
            </param>
            <param index="3">
              <value>
                <![CDATA[Pralhad]]>
              </value>
            </param>
            <param index="4">
              <value>
                <![CDATA[Male]]>
              </value>
            </param>
            <param index="5">
              <value>
                <![CDATA[7/26/54]]>
              </value>
            </param>
            <param index="6">
              <value>
                <![CDATA[80]]>
              </value>
            </param>
            <param index="7">
              <value>
                <![CDATA[B.Sc.]]>
              </value>
            </param>
            <param index="8">
              <value>
                <![CDATA[1975]]>
              </value>
            </param>
            <param index="9">
              <value>
                <![CDATA[Kopargaon]]>
              </value>
            </param>
            <param index="10">
              <value>
                <![CDATA[423601]]>
              </value>
            </param>
            <param index="11">
              <value>
                <![CDATA[KOPARGAON]]>
              </value>
            </param>
          </params>
          <reporter-output>
          </reporter-output>
        </test-method> <!-- testAddAlumni -->
        <test-method signature="testAddAlumni(java.lang.String,java.lang.String,java.lang.String,java.lang.String,java.lang.String,java.lang.String,java.lang.String,java.lang.String,java.lang.String,java.lang.String,java.lang.String,java.lang.String)[pri:0, instance:tests.AddAlumniTest@7770f470]" started-at="2026-04-10T15:08:38 IST" name="testAddAlumni" data-provider="alumniData" finished-at="2026-04-10T15:08:53 IST" duration-ms="14651" status="PASS">
          <params>
            <param index="0">
              <value>
                <![CDATA[Mr.]]>
              </value>
            </param>
            <param index="1">
              <value>
                <![CDATA[Bhakare]]>
              </value>
            </param>
            <param index="2">
              <value>
                <![CDATA[Vishwanath]]>
              </value>
            </param>
            <param index="3">
              <value>
                <![CDATA[Bhimaji]]>
              </value>
            </param>
            <param index="4">
              <value>
                <![CDATA[Male]]>
              </value>
            </param>
            <param index="5">
              <value>
                <![CDATA[6/1/53]]>
              </value>
            </param>
            <param index="6">
              <value>
                <![CDATA[80]]>
              </value>
            </param>
            <param index="7">
              <value>
                <![CDATA[B.Sc.]]>
              </value>
            </param>
            <param index="8">
              <value>
                <![CDATA[1975]]>
              </value>
            </param>
            <param index="9">
              <value>
                <![CDATA[Kopargaon]]>
              </value>
            </param>
            <param index="10">
              <value>
                <![CDATA[423601]]>
              </value>
            </param>
            <param index="11">
              <value>
                <![CDATA[KOPARGAON]]>
              </value>
            </param>
          </params>
          <reporter-output>
          </reporter-output>
        </test-method> <!-- testAddAlumni -->
        <test-method signature="testAddAlumni(java.lang.String,java.lang.String,java.lang.String,java.lang.String,java.lang.String,java.lang.String,java.lang.String,java.lang.String,java.lang.String,java.lang.String,java.lang.String,java.lang.String)[pri:0, instance:tests.AddAlumniTest@7770f470]" started-at="2026-04-10T15:08:53 IST" name="testAddAlumni" data-provider="alumniData" finished-at="2026-04-10T15:09:07 IST" duration-ms="13751" status="PASS">
          <params>
            <param index="0">
              <value>
                <![CDATA[Mr.]]>
              </value>
            </param>
            <param index="1">
              <value>
                <![CDATA[Bodhe]]>
              </value>
            </param>
            <param index="2">
              <value>
                <![CDATA[Sakha]]>
              </value>
            </param>
            <param index="3">
              <value>
                <![CDATA[Anantrao]]>
              </value>
            </param>
            <param index="4">
              <value>
                <![CDATA[Male]]>
              </value>
            </param>
            <param index="5">
              <value>
                <![CDATA[5/24/65]]>
              </value>
            </param>
            <param index="6">
              <value>
                <![CDATA[80]]>
              </value>
            </param>
            <param index="7">
              <value>
                <![CDATA[B.Sc.]]>
              </value>
            </param>
            <param index="8">
              <value>
                <![CDATA[1975]]>
              </value>
            </param>
            <param index="9">
              <value>
                <![CDATA[Kopargaon]]>
              </value>
            </param>
            <param index="10">
              <value>
                <![CDATA[423601]]>
              </value>
            </param>
            <param index="11">
              <value>
                <![CDATA[KOPARGAON]]>
              </value>
            </param>
          </params>
          <reporter-output>
          </reporter-output>
        </test-method> <!-- testAddAlumni -->
        <test-method signature="testAddAlumni(java.lang.String,java.lang.String,java.lang.String,java.lang.String,java.lang.String,java.lang.String,java.lang.String,java.lang.String,java.lang.String,java.lang.String,java.lang.String,java.lang.String)[pri:0, instance:tests.AddAlumniTest@7770f470]" started-at="2026-04-10T15:09:07 IST" name="testAddAlumni" data-provider="alumniData" finished-at="2026-04-10T15:09:20 IST" duration-ms="13715" status="PASS">
          <params>
            <param index="0">
              <value>
                <![CDATA[Mr.]]>
              </value>
            </param>
            <param index="1">
              <value>
                <![CDATA[Chaudhari]]>
              </value>
            </param>
            <param index="2">
              <value>
                <![CDATA[Deelip]]>
              </value>
            </param>
            <param index="3">
              <value>
                <![CDATA[Baburao]]>
              </value>
            </param>
            <param index="4">
              <value>
                <![CDATA[Male]]>
              </value>
            </param>
            <param index="5">
              <value>
                <![CDATA[9/27/55]]>
              </value>
            </param>
            <param index="6">
              <value>
                <![CDATA[81]]>
              </value>
            </param>
            <param index="7">
              <value>
                <![CDATA[B.Sc.]]>
              </value>
            </param>
            <param index="8">
              <value>
                <![CDATA[1975]]>
              </value>
            </param>
            <param index="9">
              <value>
                <![CDATA[Kopargaon]]>
              </value>
            </param>
            <param index="10">
              <value>
                <![CDATA[423601]]>
              </value>
            </param>
            <param index="11">
              <value>
                <![CDATA[KOPARGAON]]>
              </value>
            </param>
          </params>
          <reporter-output>
          </reporter-output>
        </test-method> <!-- testAddAlumni -->
        <test-method signature="testAddAlumni(java.lang.String,java.lang.String,java.lang.String,java.lang.String,java.lang.String,java.lang.String,java.lang.String,java.lang.String,java.lang.String,java.lang.String,java.lang.String,java.lang.String)[pri:0, instance:tests.AddAlumniTest@7770f470]" started-at="2026-04-10T15:09:20 IST" name="testAddAlumni" data-provider="alumniData" finished-at="2026-04-10T15:09:34 IST" duration-ms="14058" status="PASS">
          <params>
            <param index="0">
              <value>
                <![CDATA[Mr.]]>
              </value>
            </param>
            <param index="1">
              <value>
                <![CDATA[Dighe]]>
              </value>
            </param>
            <param index="2">
              <value>
                <![CDATA[Punja]]>
              </value>
            </param>
            <param index="3">
              <value>
                <![CDATA[Mahadu]]>
              </value>
            </param>
            <param index="4">
              <value>
                <![CDATA[Male]]>
              </value>
            </param>
            <param index="5">
              <value>
                <![CDATA[6/1/54]]>
              </value>
            </param>
            <param index="6">
              <value>
                <![CDATA[81]]>
              </value>
            </param>
            <param index="7">
              <value>
                <![CDATA[B.Sc.]]>
              </value>
            </param>
            <param index="8">
              <value>
                <![CDATA[1975]]>
              </value>
            </param>
            <param index="9">
              <value>
                <![CDATA[Kopargaon]]>
              </value>
            </param>
            <param index="10">
              <value>
                <![CDATA[423601]]>
              </value>
            </param>
            <param index="11">
              <value>
                <![CDATA[KOPARGAON]]>
              </value>
            </param>
          </params>
          <reporter-output>
          </reporter-output>
        </test-method> <!-- testAddAlumni -->
        <test-method signature="testAddAlumni(java.lang.String,java.lang.String,java.lang.String,java.lang.String,java.lang.String,java.lang.String,java.lang.String,java.lang.String,java.lang.String,java.lang.String,java.lang.String,java.lang.String)[pri:0, instance:tests.AddAlumniTest@7770f470]" started-at="2026-04-10T15:09:34 IST" name="testAddAlumni" data-provider="alumniData" finished-at="2026-04-10T15:09:48 IST" duration-ms="13330" status="PASS">
          <params>
            <param index="0">
              <value>
                <![CDATA[Mr.]]>
              </value>
            </param>
            <param index="1">
              <value>
                <![CDATA[Dodiya]]>
              </value>
            </param>
            <param index="2">
              <value>
                <![CDATA[Kumar]]>
              </value>
            </param>
            <param index="3">
              <value>
                <![CDATA[Govindrao]]>
              </value>
            </param>
            <param index="4">
              <value>
                <![CDATA[Male]]>
              </value>
            </param>
            <param index="5">
              <value>
                <![CDATA[2/14/54]]>
              </value>
            </param>
            <param index="6">
              <value>
                <![CDATA[81]]>
              </value>
            </param>
            <param index="7">
              <value>
                <![CDATA[B.Sc.]]>
              </value>
            </param>
            <param index="8">
              <value>
                <![CDATA[1975]]>
              </value>
            </param>
            <param index="9">
              <value>
                <![CDATA[Kopargaon]]>
              </value>
            </param>
            <param index="10">
              <value>
                <![CDATA[423601]]>
              </value>
            </param>
            <param index="11">
              <value>
                <![CDATA[KOPARGAON]]>
              </value>
            </param>
          </params>
          <reporter-output>
          </reporter-output>
        </test-method> <!-- testAddAlumni -->
        <test-method signature="testAddAlumni(java.lang.String,java.lang.String,java.lang.String,java.lang.String,java.lang.String,java.lang.String,java.lang.String,java.lang.String,java.lang.String,java.lang.String,java.lang.String,java.lang.String)[pri:0, instance:tests.AddAlumniTest@7770f470]" started-at="2026-04-10T15:09:48 IST" name="testAddAlumni" data-provider="alumniData" finished-at="2026-04-10T15:10:02 IST" duration-ms="14025" status="PASS">
          <params>
            <param index="0">
              <value>
                <![CDATA[Mr.]]>
              </value>
            </param>
            <param index="1">
              <value>
                <![CDATA[Gavali]]>
              </value>
            </param>
            <param index="2">
              <value>
                <![CDATA[Bharat]]>
              </value>
            </param>
            <param index="3">
              <value>
                <![CDATA[Vishwanath]]>
              </value>
            </param>
            <param index="4">
              <value>
                <![CDATA[Male]]>
              </value>
            </param>
            <param index="5">
              <value>
                <![CDATA[1/1/50]]>
              </value>
            </param>
            <param index="6">
              <value>
                <![CDATA[81]]>
              </value>
            </param>
            <param index="7">
              <value>
                <![CDATA[B.Sc.]]>
              </value>
            </param>
            <param index="8">
              <value>
                <![CDATA[1975]]>
              </value>
            </param>
            <param index="9">
              <value>
                <![CDATA[Kopargaon]]>
              </value>
            </param>
            <param index="10">
              <value>
                <![CDATA[423601]]>
              </value>
            </param>
            <param index="11">
              <value>
                <![CDATA[KOPARGAON]]>
              </value>
            </param>
          </params>
          <reporter-output>
          </reporter-output>
        </test-method> <!-- testAddAlumni -->
        <test-method signature="testAddAlumni(java.lang.String,java.lang.String,java.lang.String,java.lang.String,java.lang.String,java.lang.String,java.lang.String,java.lang.String,java.lang.String,java.lang.String,java.lang.String,java.lang.String)[pri:0, instance:tests.AddAlumniTest@7770f470]" started-at="2026-04-10T15:10:02 IST" name="testAddAlumni" data-provider="alumniData" finished-at="2026-04-10T15:10:16 IST" duration-ms="14028" status="PASS">
          <params>
            <param index="0">
              <value>
                <![CDATA[Mr.]]>
              </value>
            </param>
            <param index="1">
              <value>
                <![CDATA[Girme]]>
              </value>
            </param>
            <param index="2">
              <value>
                <![CDATA[Suresh]]>
              </value>
            </param>
            <param index="3">
              <value>
                <![CDATA[Nivrutti]]>
              </value>
            </param>
            <param index="4">
              <value>
                <![CDATA[Male]]>
              </value>
            </param>
            <param index="5">
              <value>
                <![CDATA[6/1/54]]>
              </value>
            </param>
            <param index="6">
              <value>
                <![CDATA[81]]>
              </value>
            </param>
            <param index="7">
              <value>
                <![CDATA[B.Sc.]]>
              </value>
            </param>
            <param index="8">
              <value>
                <![CDATA[1975]]>
              </value>
            </param>
            <param index="9">
              <value>
                <![CDATA[Kopargaon]]>
              </value>
            </param>
            <param index="10">
              <value>
                <![CDATA[423601]]>
              </value>
            </param>
            <param index="11">
              <value>
                <![CDATA[KOPARGAON]]>
              </value>
            </param>
          </params>
          <reporter-output>
          </reporter-output>
        </test-method> <!-- testAddAlumni -->
        <test-method signature="testAddAlumni(java.lang.String,java.lang.String,java.lang.String,java.lang.String,java.lang.String,java.lang.String,java.lang.String,java.lang.String,java.lang.String,java.lang.String,java.lang.String,java.lang.String)[pri:0, instance:tests.AddAlumniTest@7770f470]" started-at="2026-04-10T15:10:16 IST" name="testAddAlumni" data-provider="alumniData" finished-at="2026-04-10T15:10:31 IST" duration-ms="14749" status="PASS">
          <params>
            <param index="0">
              <value>
                <![CDATA[Mr.]]>
              </value>
            </param>
            <param index="1">
              <value>
                <![CDATA[gondkar]]>
              </value>
            </param>
            <param index="2">
              <value>
                <![CDATA[Raghunath]]>
              </value>
            </param>
            <param index="3">
              <value>
                <![CDATA[Ramnath]]>
              </value>
            </param>
            <param index="4">
              <value>
                <![CDATA[Male]]>
              </value>
            </param>
            <param index="5">
              <value>
                <![CDATA[6/1/48]]>
              </value>
            </param>
            <param index="6">
              <value>
                <![CDATA[81]]>
              </value>
            </param>
            <param index="7">
              <value>
                <![CDATA[B.Sc.]]>
              </value>
            </param>
            <param index="8">
              <value>
                <![CDATA[1975]]>
              </value>
            </param>
            <param index="9">
              <value>
                <![CDATA[Kopargaon]]>
              </value>
            </param>
            <param index="10">
              <value>
                <![CDATA[423601]]>
              </value>
            </param>
            <param index="11">
              <value>
                <![CDATA[KOPARGAON]]>
              </value>
            </param>
          </params>
          <reporter-output>
          </reporter-output>
        </test-method> <!-- testAddAlumni -->
        <test-method signature="testAddAlumni(java.lang.String,java.lang.String,java.lang.String,java.lang.String,java.lang.String,java.lang.String,java.lang.String,java.lang.String,java.lang.String,java.lang.String,java.lang.String,java.lang.String)[pri:0, instance:tests.AddAlumniTest@7770f470]" started-at="2026-04-10T15:10:31 IST" name="testAddAlumni" data-provider="alumniData" finished-at="2026-04-10T15:10:44 IST" duration-ms="13564" status="PASS">
          <params>
            <param index="0">
              <value>
                <![CDATA[Mr.]]>
              </value>
            </param>
            <param index="1">
              <value>
                <![CDATA[Ghuge]]>
              </value>
            </param>
            <param index="2">
              <value>
                <![CDATA[Shitaram]]>
              </value>
            </param>
            <param index="3">
              <value>
                <![CDATA[Ramnath]]>
              </value>
            </param>
            <param index="4">
              <value>
                <![CDATA[Male]]>
              </value>
            </param>
            <param index="5">
              <value>
                <![CDATA[6/1/55]]>
              </value>
            </param>
            <param index="6">
              <value>
                <![CDATA[81]]>
              </value>
            </param>
            <param index="7">
              <value>
                <![CDATA[B.Sc.]]>
              </value>
            </param>
            <param index="8">
              <value>
                <![CDATA[1975]]>
              </value>
            </param>
            <param index="9">
              <value>
                <![CDATA[Kopargaon]]>
              </value>
            </param>
            <param index="10">
              <value>
                <![CDATA[423601]]>
              </value>
            </param>
            <param index="11">
              <value>
                <![CDATA[KOPARGAON]]>
              </value>
            </param>
          </params>
          <reporter-output>
          </reporter-output>
        </test-method> <!-- testAddAlumni -->
        <test-method signature="testAddAlumni(java.lang.String,java.lang.String,java.lang.String,java.lang.String,java.lang.String,java.lang.String,java.lang.String,java.lang.String,java.lang.String,java.lang.String,java.lang.String,java.lang.String)[pri:0, instance:tests.AddAlumniTest@7770f470]" started-at="2026-04-10T15:10:44 IST" name="testAddAlumni" data-provider="alumniData" finished-at="2026-04-10T15:10:58 IST" duration-ms="14259" status="PASS">
          <params>
            <param index="0">
              <value>
                <![CDATA[Mr.]]>
              </value>
            </param>
            <param index="1">
              <value>
                <![CDATA[Ghuge]]>
              </value>
            </param>
            <param index="2">
              <value>
                <![CDATA[Shitaram]]>
              </value>
            </param>
            <param index="3">
              <value>
                <![CDATA[Bhika]]>
              </value>
            </param>
            <param index="4">
              <value>
                <![CDATA[Male]]>
              </value>
            </param>
            <param index="5">
              <value>
                <![CDATA[6/1/55]]>
              </value>
            </param>
            <param index="6">
              <value>
                <![CDATA[81]]>
              </value>
            </param>
            <param index="7">
              <value>
                <![CDATA[B.Sc.]]>
              </value>
            </param>
            <param index="8">
              <value>
                <![CDATA[1975]]>
              </value>
            </param>
            <param index="9">
              <value>
                <![CDATA[Kopargaon]]>
              </value>
            </param>
            <param index="10">
              <value>
                <![CDATA[423601]]>
              </value>
            </param>
            <param index="11">
              <value>
                <![CDATA[KOPARGAON]]>
              </value>
            </param>
          </params>
          <reporter-output>
          </reporter-output>
        </test-method> <!-- testAddAlumni -->
        <test-method signature="testAddAlumni(java.lang.String,java.lang.String,java.lang.String,java.lang.String,java.lang.String,java.lang.String,java.lang.String,java.lang.String,java.lang.String,java.lang.String,java.lang.String,java.lang.String)[pri:0, instance:tests.AddAlumniTest@7770f470]" started-at="2026-04-10T15:10:58 IST" name="testAddAlumni" data-provider="alumniData" finished-at="2026-04-10T15:11:12 IST" duration-ms="13209" status="PASS">
          <params>
            <param index="0">
              <value>
                <![CDATA[Mr.]]>
              </value>
            </param>
            <param index="1">
              <value>
                <![CDATA[Farooque]]>
              </value>
            </param>
            <param index="2">
              <value>
                <![CDATA[Muktar]]>
              </value>
            </param>
            <param index="3">
              <value>
                <![CDATA[Ahmad]]>
              </value>
            </param>
            <param index="4">
              <value>
                <![CDATA[Male]]>
              </value>
            </param>
            <param index="5">
              <value>
                <![CDATA[6/2/54]]>
              </value>
            </param>
            <param index="6">
              <value>
                <![CDATA[81]]>
              </value>
            </param>
            <param index="7">
              <value>
                <![CDATA[B.Sc.]]>
              </value>
            </param>
            <param index="8">
              <value>
                <![CDATA[1975]]>
              </value>
            </param>
            <param index="9">
              <value>
                <![CDATA[Kopargaon]]>
              </value>
            </param>
            <param index="10">
              <value>
                <![CDATA[423601]]>
              </value>
            </param>
            <param index="11">
              <value>
                <![CDATA[KOPARGAON]]>
              </value>
            </param>
          </params>
          <reporter-output>
          </reporter-output>
        </test-method> <!-- testAddAlumni -->
        <test-method signature="testAddAlumni(java.lang.String,java.lang.String,java.lang.String,java.lang.String,java.lang.String,java.lang.String,java.lang.String,java.lang.String,java.lang.String,java.lang.String,java.lang.String,java.lang.String)[pri:0, instance:tests.AddAlumniTest@7770f470]" started-at="2026-04-10T15:11:12 IST" name="testAddAlumni" data-provider="alumniData" finished-at="2026-04-10T15:11:26 IST" duration-ms="14265" status="PASS">
          <params>
            <param index="0">
              <value>
                <![CDATA[Mr.]]>
              </value>
            </param>
            <param index="1">
              <value>
                <![CDATA[Jagtap]]>
              </value>
            </param>
            <param index="2">
              <value>
                <![CDATA[Keshav]]>
              </value>
            </param>
            <param index="3">
              <value>
                <![CDATA[Kashinath]]>
              </value>
            </param>
            <param index="4">
              <value>
                <![CDATA[Male]]>
              </value>
            </param>
            <param index="5">
              <value>
                <![CDATA[6/1/55]]>
              </value>
            </param>
            <param index="6">
              <value>
                <![CDATA[82]]>
              </value>
            </param>
            <param index="7">
              <value>
                <![CDATA[B.Sc.]]>
              </value>
            </param>
            <param index="8">
              <value>
                <![CDATA[1975]]>
              </value>
            </param>
            <param index="9">
              <value>
                <![CDATA[Kopargaon]]>
              </value>
            </param>
            <param index="10">
              <value>
                <![CDATA[423601]]>
              </value>
            </param>
            <param index="11">
              <value>
                <![CDATA[KOPARGAON]]>
              </value>
            </param>
          </params>
          <reporter-output>
          </reporter-output>
        </test-method> <!-- testAddAlumni -->
        <test-method signature="testAddAlumni(java.lang.String,java.lang.String,java.lang.String,java.lang.String,java.lang.String,java.lang.String,java.lang.String,java.lang.String,java.lang.String,java.lang.String,java.lang.String,java.lang.String)[pri:0, instance:tests.AddAlumniTest@7770f470]" started-at="2026-04-10T15:11:26 IST" name="testAddAlumni" data-provider="alumniData" finished-at="2026-04-10T15:11:40 IST" duration-ms="14136" status="PASS">
          <params>
            <param index="0">
              <value>
                <![CDATA[Mr.]]>
              </value>
            </param>
            <param index="1">
              <value>
                <![CDATA[Jadhav]]>
              </value>
            </param>
            <param index="2">
              <value>
                <![CDATA[Uttam]]>
              </value>
            </param>
            <param index="3">
              <value>
                <![CDATA[Karbhari]]>
              </value>
            </param>
            <param index="4">
              <value>
                <![CDATA[Male]]>
              </value>
            </param>
            <param index="5">
              <value>
                <![CDATA[5/1/53]]>
              </value>
            </param>
            <param index="6">
              <value>
                <![CDATA[82]]>
              </value>
            </param>
            <param index="7">
              <value>
                <![CDATA[B.Sc.]]>
              </value>
            </param>
            <param index="8">
              <value>
                <![CDATA[1975]]>
              </value>
            </param>
            <param index="9">
              <value>
                <![CDATA[Kopargaon]]>
              </value>
            </param>
            <param index="10">
              <value>
                <![CDATA[423601]]>
              </value>
            </param>
            <param index="11">
              <value>
                <![CDATA[KOPARGAON]]>
              </value>
            </param>
          </params>
          <reporter-output>
          </reporter-output>
        </test-method> <!-- testAddAlumni -->
        <test-method signature="testAddAlumni(java.lang.String,java.lang.String,java.lang.String,java.lang.String,java.lang.String,java.lang.String,java.lang.String,java.lang.String,java.lang.String,java.lang.String,java.lang.String,java.lang.String)[pri:0, instance:tests.AddAlumniTest@7770f470]" started-at="2026-04-10T15:11:40 IST" name="testAddAlumni" data-provider="alumniData" finished-at="2026-04-10T15:11:54 IST" duration-ms="13624" status="PASS">
          <params>
            <param index="0">
              <value>
                <![CDATA[Mr.]]>
              </value>
            </param>
            <param index="1">
              <value>
                <![CDATA[Kulkarni]]>
              </value>
            </param>
            <param index="2">
              <value>
                <![CDATA[Subhash]]>
              </value>
            </param>
            <param index="3">
              <value>
                <![CDATA[Kisan]]>
              </value>
            </param>
            <param index="4">
              <value>
                <![CDATA[Male]]>
              </value>
            </param>
            <param index="5">
              <value>
                <![CDATA[4/24/53]]>
              </value>
            </param>
            <param index="6">
              <value>
                <![CDATA[82]]>
              </value>
            </param>
            <param index="7">
              <value>
                <![CDATA[B.Sc.]]>
              </value>
            </param>
            <param index="8">
              <value>
                <![CDATA[1975]]>
              </value>
            </param>
            <param index="9">
              <value>
                <![CDATA[Kopargaon]]>
              </value>
            </param>
            <param index="10">
              <value>
                <![CDATA[423601]]>
              </value>
            </param>
            <param index="11">
              <value>
                <![CDATA[KOPARGAON]]>
              </value>
            </param>
          </params>
          <reporter-output>
          </reporter-output>
        </test-method> <!-- testAddAlumni -->
        <test-method signature="testAddAlumni(java.lang.String,java.lang.String,java.lang.String,java.lang.String,java.lang.String,java.lang.String,java.lang.String,java.lang.String,java.lang.String,java.lang.String,java.lang.String,java.lang.String)[pri:0, instance:tests.AddAlumniTest@7770f470]" started-at="2026-04-10T15:11:54 IST" name="testAddAlumni" data-provider="alumniData" finished-at="2026-04-10T15:12:08 IST" duration-ms="13996" status="PASS">
          <params>
            <param index="0">
              <value>
                <![CDATA[Mr.]]>
              </value>
            </param>
            <param index="1">
              <value>
                <![CDATA[Khalekar]]>
              </value>
            </param>
            <param index="2">
              <value>
                <![CDATA[sakharam]]>
              </value>
            </param>
            <param index="3">
              <value>
                <![CDATA[Tukaram]]>
              </value>
            </param>
            <param index="4">
              <value>
                <![CDATA[Male]]>
              </value>
            </param>
            <param index="5">
              <value>
                <![CDATA[6/1/53]]>
              </value>
            </param>
            <param index="6">
              <value>
                <![CDATA[82]]>
              </value>
            </param>
            <param index="7">
              <value>
                <![CDATA[B.Sc.]]>
              </value>
            </param>
            <param index="8">
              <value>
                <![CDATA[1975]]>
              </value>
            </param>
            <param index="9">
              <value>
                <![CDATA[Kopargaon]]>
              </value>
            </param>
            <param index="10">
              <value>
                <![CDATA[423601]]>
              </value>
            </param>
            <param index="11">
              <value>
                <![CDATA[KOPARGAON]]>
              </value>
            </param>
          </params>
          <reporter-output>
          </reporter-output>
        </test-method> <!-- testAddAlumni -->
        <test-method signature="testAddAlumni(java.lang.String,java.lang.String,java.lang.String,java.lang.String,java.lang.String,java.lang.String,java.lang.String,java.lang.String,java.lang.String,java.lang.String,java.lang.String,java.lang.String)[pri:0, instance:tests.AddAlumniTest@7770f470]" started-at="2026-04-10T15:12:08 IST" name="testAddAlumni" data-provider="alumniData" finished-at="2026-04-10T15:12:22 IST" duration-ms="14022" status="PASS">
          <params>
            <param index="0">
              <value>
                <![CDATA[Mr.]]>
              </value>
            </param>
            <param index="1">
              <value>
                <![CDATA[Kharange]]>
              </value>
            </param>
            <param index="2">
              <value>
                <![CDATA[Govind]]>
              </value>
            </param>
            <param index="3">
              <value>
                <![CDATA[Bapurao]]>
              </value>
            </param>
            <param index="4">
              <value>
                <![CDATA[Male]]>
              </value>
            </param>
            <param index="5">
              <value>
                <![CDATA[6/1/55]]>
              </value>
            </param>
            <param index="6">
              <value>
                <![CDATA[82]]>
              </value>
            </param>
            <param index="7">
              <value>
                <![CDATA[B.Sc.]]>
              </value>
            </param>
            <param index="8">
              <value>
                <![CDATA[1975]]>
              </value>
            </param>
            <param index="9">
              <value>
                <![CDATA[Kopargaon]]>
              </value>
            </param>
            <param index="10">
              <value>
                <![CDATA[423601]]>
              </value>
            </param>
            <param index="11">
              <value>
                <![CDATA[KOPARGAON]]>
              </value>
            </param>
          </params>
          <reporter-output>
          </reporter-output>
        </test-method> <!-- testAddAlumni -->
        <test-method signature="testAddAlumni(java.lang.String,java.lang.String,java.lang.String,java.lang.String,java.lang.String,java.lang.String,java.lang.String,java.lang.String,java.lang.String,java.lang.String,java.lang.String,java.lang.String)[pri:0, instance:tests.AddAlumniTest@7770f470]" started-at="2026-04-10T15:12:22 IST" name="testAddAlumni" data-provider="alumniData" finished-at="2026-04-10T15:12:36 IST" duration-ms="14327" status="PASS">
          <params>
            <param index="0">
              <value>
                <![CDATA[Mr.]]>
              </value>
            </param>
            <param index="1">
              <value>
                <![CDATA[Kadam]]>
              </value>
            </param>
            <param index="2">
              <value>
                <![CDATA[Vishwanath]]>
              </value>
            </param>
            <param index="3">
              <value>
                <![CDATA[Sampatrao]]>
              </value>
            </param>
            <param index="4">
              <value>
                <![CDATA[Male]]>
              </value>
            </param>
            <param index="5">
              <value>
                <![CDATA[5/1/55]]>
              </value>
            </param>
            <param index="6">
              <value>
                <![CDATA[82]]>
              </value>
            </param>
            <param index="7">
              <value>
                <![CDATA[B.Sc.]]>
              </value>
            </param>
            <param index="8">
              <value>
                <![CDATA[1975]]>
              </value>
            </param>
            <param index="9">
              <value>
                <![CDATA[Kopargaon]]>
              </value>
            </param>
            <param index="10">
              <value>
                <![CDATA[423601]]>
              </value>
            </param>
            <param index="11">
              <value>
                <![CDATA[KOPARGAON]]>
              </value>
            </param>
          </params>
          <reporter-output>
          </reporter-output>
        </test-method> <!-- testAddAlumni -->
        <test-method signature="testAddAlumni(java.lang.String,java.lang.String,java.lang.String,java.lang.String,java.lang.String,java.lang.String,java.lang.String,java.lang.String,java.lang.String,java.lang.String,java.lang.String,java.lang.String)[pri:0, instance:tests.AddAlumniTest@7770f470]" started-at="2026-04-10T15:12:36 IST" name="testAddAlumni" data-provider="alumniData" finished-at="2026-04-10T15:12:50 IST" duration-ms="13639" status="PASS">
          <params>
            <param index="0">
              <value>
                <![CDATA[Mr.]]>
              </value>
            </param>
            <param index="1">
              <value>
                <![CDATA[Kokane]]>
              </value>
            </param>
            <param index="2">
              <value>
                <![CDATA[Arjun]]>
              </value>
            </param>
            <param index="3">
              <value>
                <![CDATA[Baburao]]>
              </value>
            </param>
            <param index="4">
              <value>
                <![CDATA[Male]]>
              </value>
            </param>
            <param index="5">
              <value>
                <![CDATA[5/5/55]]>
              </value>
            </param>
            <param index="6">
              <value>
                <![CDATA[82]]>
              </value>
            </param>
            <param index="7">
              <value>
                <![CDATA[B.Sc.]]>
              </value>
            </param>
            <param index="8">
              <value>
                <![CDATA[1975]]>
              </value>
            </param>
            <param index="9">
              <value>
                <![CDATA[Kopargaon]]>
              </value>
            </param>
            <param index="10">
              <value>
                <![CDATA[423601]]>
              </value>
            </param>
            <param index="11">
              <value>
                <![CDATA[KOPARGAON]]>
              </value>
            </param>
          </params>
          <reporter-output>
          </reporter-output>
        </test-method> <!-- testAddAlumni -->
        <test-method signature="testAddAlumni(java.lang.String,java.lang.String,java.lang.String,java.lang.String,java.lang.String,java.lang.String,java.lang.String,java.lang.String,java.lang.String,java.lang.String,java.lang.String,java.lang.String)[pri:0, instance:tests.AddAlumniTest@7770f470]" started-at="2026-04-10T15:12:50 IST" name="testAddAlumni" data-provider="alumniData" finished-at="2026-04-10T15:13:04 IST" duration-ms="13985" status="PASS">
          <params>
            <param index="0">
              <value>
                <![CDATA[Mr.]]>
              </value>
            </param>
            <param index="1">
              <value>
                <![CDATA[Lohar]]>
              </value>
            </param>
            <param index="2">
              <value>
                <![CDATA[Charndrabhan]]>
              </value>
            </param>
            <param index="3">
              <value>
                <![CDATA[Govindrao]]>
              </value>
            </param>
            <param index="4">
              <value>
                <![CDATA[Male]]>
              </value>
            </param>
            <param index="5">
              <value>
                <![CDATA[3/5/54]]>
              </value>
            </param>
            <param index="6">
              <value>
                <![CDATA[82]]>
              </value>
            </param>
            <param index="7">
              <value>
                <![CDATA[B.Sc.]]>
              </value>
            </param>
            <param index="8">
              <value>
                <![CDATA[1975]]>
              </value>
            </param>
            <param index="9">
              <value>
                <![CDATA[Kopargaon]]>
              </value>
            </param>
            <param index="10">
              <value>
                <![CDATA[423601]]>
              </value>
            </param>
            <param index="11">
              <value>
                <![CDATA[KOPARGAON]]>
              </value>
            </param>
          </params>
          <reporter-output>
          </reporter-output>
        </test-method> <!-- testAddAlumni -->
        <test-method signature="testAddAlumni(java.lang.String,java.lang.String,java.lang.String,java.lang.String,java.lang.String,java.lang.String,java.lang.String,java.lang.String,java.lang.String,java.lang.String,java.lang.String,java.lang.String)[pri:0, instance:tests.AddAlumniTest@7770f470]" started-at="2026-04-10T15:13:04 IST" name="testAddAlumni" data-provider="alumniData" finished-at="2026-04-10T15:13:17 IST" duration-ms="13655" status="PASS">
          <params>
            <param index="0">
              <value>
                <![CDATA[Mr.]]>
              </value>
            </param>
            <param index="1">
              <value>
                <![CDATA[Karwar]]>
              </value>
            </param>
            <param index="2">
              <value>
                <![CDATA[Kashinath]]>
              </value>
            </param>
            <param index="3">
              <value>
                <![CDATA[Sakharam]]>
              </value>
            </param>
            <param index="4">
              <value>
                <![CDATA[Male]]>
              </value>
            </param>
            <param index="5">
              <value>
                <![CDATA[1/1/55]]>
              </value>
            </param>
            <param index="6">
              <value>
                <![CDATA[82]]>
              </value>
            </param>
            <param index="7">
              <value>
                <![CDATA[B.Sc.]]>
              </value>
            </param>
            <param index="8">
              <value>
                <![CDATA[1975]]>
              </value>
            </param>
            <param index="9">
              <value>
                <![CDATA[Kopargaon]]>
              </value>
            </param>
            <param index="10">
              <value>
                <![CDATA[423601]]>
              </value>
            </param>
            <param index="11">
              <value>
                <![CDATA[KOPARGAON]]>
              </value>
            </param>
          </params>
          <reporter-output>
          </reporter-output>
        </test-method> <!-- testAddAlumni -->
        <test-method is-config="true" signature="tearDown()[pri:0, instance:tests.AddAlumniTest@7770f470]" started-at="2026-04-10T15:13:17 IST" name="tearDown" finished-at="2026-04-10T15:13:18 IST" duration-ms="532" status="PASS">
          <reporter-output>
          </reporter-output>
        </test-method> <!-- tearDown -->
      </class> <!-- tests.AddAlumniTest -->
    </test> <!-- Default test -->
  </suite> <!-- Default suite -->
</testng-results>
