<?xml version="1.0" encoding="UTF-8"?>
<!-- Generated by org.testng.reporters.JUnitXMLReporter -->
<testsuite ignored="0" hostname="ShreeRam1" failures="0" tests="7" name="Regression Tests" time="117.875" errors="0" timestamp="2026-02-27T15:50:44 IST">
  <testcase classname="tests.DeleteAccountTest" name="DeletUser" time="13.624"/>
  <testcase classname="tests.RegisterUserTest" name="shouldRegisterUserSuccessfully" time="9.807"/>
  <testcase classname="tests.LogOutUserTest" name="shouldLogoutUserSuccessfully" time="10.41"/>
  <testcase classname="tests.EmailAlreadyRegisteredWarningTest" name="checkEmailIdAlreadyRegisterWarning" time="4.58"/>
  <testcase classname="tests.EmailPasswordMailIncorrectWarningTest" name="shouldShowWarningForemailPasswordIncorrect" time="5.848"/>
  <testcase classname="tests.ContactUsFormTest" name="checkContactFormWorking" time="10.088"/>
  <testcase classname="tests.ProductPageTest" name="verifyProductsAreDisplayed" time="13.285"/>
</testsuite> <!-- Regression Tests -->
