<?xml version="1.0" encoding="UTF-8"?>
<testng-results ignored="0" total="1" passed="0" failed="1" skipped="0">
  <reporter-output>
  </reporter-output>
  <suite started-at="2026-04-08T13:27:30 IST" name="Default suite" finished-at="2026-04-08T13:27:41 IST" duration-ms="11093">
    <groups>
    </groups>
    <test started-at="2026-04-08T13:27:30 IST" name="Default test" finished-at="2026-04-08T13:27:41 IST" duration-ms="11093">
      <class name="tests.RegisterUserTest">
        <test-method is-config="true" signature="startup()[pri:0, instance:tests.RegisterUserTest@45752059]" started-at="2026-04-08T13:27:30 IST" name="startup" finished-at="2026-04-08T13:27:37 IST" duration-ms="7331" status="PASS">
          <reporter-output>
          </reporter-output>
        </test-method> <!-- startup -->
        <test-method signature="RegisterNewUser()[pri:0, instance:tests.RegisterUserTest@45752059]" started-at="2026-04-08T13:27:37 IST" name="RegisterNewUser" finished-at="2026-04-08T13:27:41 IST" duration-ms="3458" status="FAIL">
          <exception class="java.lang.Error">
            <message>
              <![CDATA[Invalid memory access]]>
            </message>
            <full-stacktrace>
              <![CDATA[java.lang.Error: Invalid memory access
at com.sun.jna.Native.invokePointer(Native Method)
at com.sun.jna.Function.invokePointer(Function.java:497)
at com.sun.jna.Function.invoke(Function.java:441)
at com.sun.jna.Function.invoke(Function.java:361)
at com.sun.jna.Library$Handler.invoke(Library.java:265)
at jdk.proxy2/jdk.proxy2.$Proxy9.TessBaseAPIGetUTF8Text(Unknown Source)
at net.sourceforge.tess4j.Tesseract.getOCRText(Tesseract.java:532)
at net.sourceforge.tess4j.Tesseract.doOCR(Tesseract.java:374)
at net.sourceforge.tess4j.Tesseract.doOCR(Tesseract.java:243)
at net.sourceforge.tess4j.Tesseract.doOCR(Tesseract.java:210)
at Page.UserRegistrarionPage.readCaptcha(UserRegistrarionPage.java:56)
at tests.RegisterUserTest.RegisterNewUser(RegisterUserTest.java:25)
at java.base/jdk.internal.reflect.DirectMethodHandleAccessor.invoke(DirectMethodHandleAccessor.java:103)
at java.base/java.lang.reflect.Method.invoke(Method.java:580)
at org.testng.internal.invokers.MethodInvocationHelper.invokeMethod(MethodInvocationHelper.java:141)
at org.testng.internal.invokers.TestInvoker.invokeMethod(TestInvoker.java:686)
at org.testng.internal.invokers.TestInvoker.invokeTestMethod(TestInvoker.java:230)
at org.testng.internal.invokers.MethodRunner.runInSequence(MethodRunner.java:63)
at org.testng.internal.invokers.TestInvoker$MethodInvocationAgent.invoke(TestInvoker.java:992)
at org.testng.internal.invokers.TestInvoker.invokeTestMethods(TestInvoker.java:203)
at org.testng.internal.invokers.TestMethodWorker.invokeTestMethods(TestMethodWorker.java:154)
at org.testng.internal.invokers.TestMethodWorker.run(TestMethodWorker.java:134)
at java.base/java.util.ArrayList.forEach(ArrayList.java:1597)
at org.testng.TestRunner.privateRun(TestRunner.java:739)
at org.testng.TestRunner.run(TestRunner.java:614)
at org.testng.SuiteRunner.runTest(SuiteRunner.java:421)
at org.testng.SuiteRunner.runSequentially(SuiteRunner.java:413)
at org.testng.SuiteRunner.privateRun(SuiteRunner.java:373)
at org.testng.SuiteRunner.run(SuiteRunner.java:312)
at org.testng.SuiteRunnerWorker.runSuite(SuiteRunnerWorker.java:52)
at org.testng.SuiteRunnerWorker.run(SuiteRunnerWorker.java:95)
at org.testng.TestNG.runSuitesSequentially(TestNG.java:1274)
at org.testng.TestNG.runSuitesLocally(TestNG.java:1208)
at org.testng.TestNG.runSuites(TestNG.java:1112)
at org.testng.TestNG.run(TestNG.java:1079)
at org.testng.remote.AbstractRemoteTestNG.run(AbstractRemoteTestNG.java:115)
at org.testng.remote.RemoteTestNG.initAndRun(RemoteTestNG.java:293)
at org.testng.remote.RemoteTestNG.main(RemoteTestNG.java:91)
]]>
            </full-stacktrace>
          </exception> <!-- java.lang.Error -->
          <reporter-output>
          </reporter-output>
        </test-method> <!-- RegisterNewUser -->
        <test-method is-config="true" signature="tearDown()[pri:0, instance:tests.RegisterUserTest@45752059]" started-at="2026-04-08T13:27:41 IST" name="tearDown" finished-at="2026-04-08T13:27:41 IST" duration-ms="238" status="PASS">
          <reporter-output>
          </reporter-output>
        </test-method> <!-- tearDown -->
      </class> <!-- tests.RegisterUserTest -->
    </test> <!-- Default test -->
  </suite> <!-- Default suite -->
</testng-results>
